Arguments: 
  /Users/vehikl/.nvm/versions/node/v10.14.1/bin/node /usr/local/Cellar/yarn/1.15.2/libexec/bin/yarn.js install

PATH: 
  /Users/vehikl/.nvm/versions/node/v10.14.1/bin:/usr/local/opt/node@8/bin:/Users/vehikl/.cargo/bin:/Users/vehikl/.cargo/bin:/usr/local/bin:/usr/bin:/bin:/usr/sbin:/sbin:/usr/local/opt/node@8/bin:/Users/vehikl/.cargo/bin:/usr/local/sbin:/usr/local/mysql/bin:/Users/vehikl/go/bin:/Users/vehikl/.fzf/bin:/usr/local/sbin:/usr/local/mysql/bin:/Users/vehikl/go/bin

Yarn version: 
  1.15.2

Node version: 
  10.14.1

Platform: 
  darwin x64

Trace: 
  Error [ERR_TLS_CERT_ALTNAME_INVALID]: Hostname/IP does not match certificate's altnames: Host: registry.yarnpkg.com. is not in the cert's altnames: DNS:*.eventsignin.com, DNS:eventsignin.com
      at Object.checkServerIdentity (tls.js:228:17)
      at TLSSocket.onConnectSecure (_tls_wrap.js:1059:27)
      at TLSSocket.emit (events.js:182:13)
      at TLSSocket._finishInit (_tls_wrap.js:631:8)

npm manifest: 
  {
    "name": "core-module",
    "version": "0.0.1",
    "main": "index.js",
    "license": "MIT",
    "files": [
      "dist/**/*"
    ],
    "publish": false,
    "private": true,
    "dependencies": {
      "@nestjs/common": "^6.0.3",
      "@nestjs/core": "^6.0.3",
      "reflect-metadata": "^0.1.13",
      "rxjs": "^6.4.0",
      "cassandra-driver": "^4.0.0",
      "class-transformer": "^0.2.0",
      "class-validator": "^0.9.1",
      "convict": "^4.4.1"
    },
    "scripts": {
      "build": "tsc -p tsconfig.json",
      "postbuild": "cp yarn.lock package.json dist/ && cd dist/"
    },
    "devDependencies": {
      "@types/node": "^11.11.6"
    }
  }

yarn manifest: 
  No manifest

Lockfile: 
  # THIS IS AN AUTOGENERATED FILE. DO NOT EDIT THIS FILE DIRECTLY.
  # yarn lockfile v1
  
  
  "@nestjs/common@^6.0.3":
    version "6.0.3"
    resolved "https://registry.yarnpkg.com/@nestjs/common/-/common-6.0.3.tgz#4d65f22b8954f65a4816d4c4401e15dde3ff53c5"
    integrity sha512-OeuMZTBHtP28maKZKU8ADOlWpdjknbviXUpNCV1V6UezcyHo1Dp5L4hHVSvrxjgRAexjJZAc6BmOe3Ce36Ls6g==
    dependencies:
      axios "0.18.0"
      cli-color "1.4.0"
      uuid "3.3.2"
  
  "@nestjs/core@^6.0.3":
    version "6.0.3"
    resolved "https://registry.yarnpkg.com/@nestjs/core/-/core-6.0.3.tgz#2fadd2f207e3297c2ed545644df622db3117d842"
    integrity sha512-QFf4aTaexM5nY8pCIjo1NGh3VCCam6ng2iI1/PFioFFzKb8wmpHQmQ6yq05N0D10pfZ4IIcoupuuErkbknIEUw==
    dependencies:
      "@nuxtjs/opencollective" "0.2.1"
      fast-safe-stringify "2.0.6"
      iterare "1.1.2"
      object-hash "1.3.1"
      optional "0.1.4"
      uuid "3.3.2"
  
  "@nuxtjs/opencollective@0.2.1":
    version "0.2.1"
    resolved "https://registry.yarnpkg.com/@nuxtjs/opencollective/-/opencollective-0.2.1.tgz#ddf3e6a22990997322bc2b82e2455a7fbffc518d"
    integrity sha512-pzSib8NKquaTt/ns5Cc2G0BGRVJXaD+p1qfF6q7vNIMvRysorn/VF3y7gAuQpcxfF7wBbGE+dXjhIieWOUsWSw==
    dependencies:
      chalk "^2.4.1"
      consola "^2.3.0"
      node-fetch "^2.3.0"
  
  "@types/node@^11.11.6":
    version "11.11.8"
    resolved "https://registry.yarnpkg.com/@types/node/-/node-11.11.8.tgz#ff5e4e7896549e5725cf88d711e8c003984b2413"
    integrity sha512-87dYasmW2iLSYNTc3WU85taIQb1RBz6KK9w/Hnbkyu3n9xeNd0fbVaPoGMyX1ErGB8PaqNuCtYjpoI9aN6DoCg==
  
  ansi-regex@^2.1.1:
    version "2.1.1"
    resolved "https://registry.yarnpkg.com/ansi-regex/-/ansi-regex-2.1.1.tgz#c3b33ab5ee360d86e0e628f0468ae7ef27d654df"
    integrity sha1-w7M6te42DYbg5ijwRorn7yfWVN8=
  
  ansi-styles@^3.2.1:
    version "3.2.1"
    resolved "https://registry.yarnpkg.com/ansi-styles/-/ansi-styles-3.2.1.tgz#41fbb20243e50b12be0f04b8dedbf07520ce841d"
    integrity sha512-VT0ZI6kZRdTh8YyJw3SMbYm/u+NqfsAxEpWO0Pf9sq8/e94WxxOpPKx9FR1FlyCtOVDNOQ+8ntlqFxiRc+r5qA==
    dependencies:
      color-convert "^1.9.0"
  
  axios@0.18.0:
    version "0.18.0"
    resolved "https://registry.yarnpkg.com/axios/-/axios-0.18.0.tgz#32d53e4851efdc0a11993b6cd000789d70c05102"
    integrity sha1-MtU+SFHv3AoRmTts0AB4nXDAUQI=
    dependencies:
      follow-redirects "^1.3.0"
      is-buffer "^1.1.5"
  
  chalk@^2.4.1:
    version "2.4.2"
    resolved "https://registry.yarnpkg.com/chalk/-/chalk-2.4.2.tgz#cd42541677a54333cf541a49108c1432b44c9424"
    integrity sha512-Mti+f9lpJNcwF4tWV8/OrTTtF1gZi+f8FqlyAdouralcFWFQWF2+NgCHShjkCb+IFBLq9buZwE1xckQU4peSuQ==
    dependencies:
      ansi-styles "^3.2.1"
      escape-string-regexp "^1.0.5"
      supports-color "^5.3.0"
  
  cli-color@1.4.0:
    version "1.4.0"
    resolved "https://registry.yarnpkg.com/cli-color/-/cli-color-1.4.0.tgz#7d10738f48526824f8fe7da51857cb0f572fe01f"
    integrity sha512-xu6RvQqqrWEo6MPR1eixqGPywhYBHRs653F9jfXB2Hx4jdM/3WxiNE1vppRmxtMIfl16SFYTpYlrnqH/HsK/2w==
    dependencies:
      ansi-regex "^2.1.1"
      d "1"
      es5-ext "^0.10.46"
      es6-iterator "^2.0.3"
      memoizee "^0.4.14"
      timers-ext "^0.1.5"
  
  color-convert@^1.9.0:
    version "1.9.3"
    resolved "https://registry.yarnpkg.com/color-convert/-/color-convert-1.9.3.tgz#bb71850690e1f136567de629d2d5471deda4c1e8"
    integrity sha512-QfAUtd+vFdAtFQcC8CCyYt1fYWxSqAiK2cSD6zDB8N3cpsEBAvRxp9zOGg6G/SHHJYAT88/az/IuDGALsNVbGg==
    dependencies:
      color-name "1.1.3"
  
  color-name@1.1.3:
    version "1.1.3"
    resolved "https://registry.yarnpkg.com/color-name/-/color-name-1.1.3.tgz#a7d0558bd89c42f795dd42328f740831ca53bc25"
    integrity sha1-p9BVi9icQveV3UIyj3QIMcpTvCU=
  
  consola@^2.3.0:
    version "2.5.7"
    resolved "https://registry.yarnpkg.com/consola/-/consola-2.5.7.tgz#72b313ac9039b181c8adc065c1c092effa417122"
    integrity sha512-KZteEB71fuSoSDgJoYEo/dIvwofWMU/bI/n+wusLYHPp+c7KcxBGZ0P8CzTCko2Jp0xsrbLjmLuUo4jyIWa6vQ==
  
  d@1:
    version "1.0.0"
    resolved "https://registry.yarnpkg.com/d/-/d-1.0.0.tgz#754bb5bfe55451da69a58b94d45f4c5b0462d58f"
    integrity sha1-dUu1v+VUUdpppYuU1F9MWwRi1Y8=
    dependencies:
      es5-ext "^0.10.9"
  
  debug@^3.2.6:
    version "3.2.6"
    resolved "https://registry.yarnpkg.com/debug/-/debug-3.2.6.tgz#e83d17de16d8a7efb7717edbe5fb10135eee629b"
    integrity sha512-mel+jf7nrtEl5Pn1Qx46zARXKDpBbvzezse7p7LqINmdoIk8PYP5SySaxEmYv6TZ0JyEKA1hsCId6DIhgITtWQ==
    dependencies:
      ms "^2.1.1"
  
  es5-ext@^0.10.14, es5-ext@^0.10.35, es5-ext@^0.10.45, es5-ext@^0.10.46, es5-ext@^0.10.9, es5-ext@~0.10.14, es5-ext@~0.10.2, es5-ext@~0.10.46:
    version "0.10.49"
    resolved "https://registry.yarnpkg.com/es5-ext/-/es5-ext-0.10.49.tgz#059a239de862c94494fec28f8150c977028c6c5e"
    integrity sha512-3NMEhi57E31qdzmYp2jwRArIUsj1HI/RxbQ4bgnSB+AIKIxsAmTiK83bYMifIcpWvEc3P1X30DhUKOqEtF/kvg==
    dependencies:
      es6-iterator "~2.0.3"
      es6-symbol "~3.1.1"
      next-tick "^1.0.0"
  
  es6-iterator@^2.0.1, es6-iterator@^2.0.3, es6-iterator@~2.0.3:
    version "2.0.3"
    resolved "https://registry.yarnpkg.com/es6-iterator/-/es6-iterator-2.0.3.tgz#a7de889141a05a94b0854403b2d0a0fbfa98f3b7"
    integrity sha1-p96IkUGgWpSwhUQDstCg+/qY87c=
    dependencies:
      d "1"
      es5-ext "^0.10.35"
      es6-symbol "^3.1.1"
  
  es6-symbol@^3.1.1, es6-symbol@~3.1.1:
    version "3.1.1"
    resolved "https://registry.yarnpkg.com/es6-symbol/-/es6-symbol-3.1.1.tgz#bf00ef4fdab6ba1b46ecb7b629b4c7ed5715cc77"
    integrity sha1-vwDvT9q2uhtG7Le2KbTH7VcVzHc=
    dependencies:
      d "1"
      es5-ext "~0.10.14"
  
  es6-weak-map@^2.0.2:
    version "2.0.2"
    resolved "https://registry.yarnpkg.com/es6-weak-map/-/es6-weak-map-2.0.2.tgz#5e3ab32251ffd1538a1f8e5ffa1357772f92d96f"
    integrity sha1-XjqzIlH/0VOKH45f+hNXdy+S2W8=
    dependencies:
      d "1"
      es5-ext "^0.10.14"
      es6-iterator "^2.0.1"
      es6-symbol "^3.1.1"
  
  escape-string-regexp@^1.0.5:
    version "1.0.5"
    resolved "https://registry.yarnpkg.com/escape-string-regexp/-/escape-string-regexp-1.0.5.tgz#1b61c0562190a8dff6ae3bb2cf0200ca130b86d4"
    integrity sha1-G2HAViGQqN/2rjuyzwIAyhMLhtQ=
  
  event-emitter@^0.3.5:
    version "0.3.5"
    resolved "https://registry.yarnpkg.com/event-emitter/-/event-emitter-0.3.5.tgz#df8c69eef1647923c7157b9ce83840610b02cc39"
    integrity sha1-34xp7vFkeSPHFXuc6DhAYQsCzDk=
    dependencies:
      d "1"
      es5-ext "~0.10.14"
  
  fast-safe-stringify@2.0.6:
    version "2.0.6"
    resolved "https://registry.yarnpkg.com/fast-safe-stringify/-/fast-safe-stringify-2.0.6.tgz#04b26106cc56681f51a044cfc0d76cf0008ac2c2"
    integrity sha512-q8BZ89jjc+mz08rSxROs8VsrBBcn1SIw1kq9NjolL509tkABRk9io01RAjSaEv1Xb2uFLt8VtRiZbGp5H8iDtg==
  
  follow-redirects@^1.3.0:
    version "1.7.0"
    resolved "https://registry.yarnpkg.com/follow-redirects/-/follow-redirects-1.7.0.tgz#489ebc198dc0e7f64167bd23b03c4c19b5784c76"
    integrity sha512-m/pZQy4Gj287eNy94nivy5wchN3Kp+Q5WgUPNy5lJSZ3sgkVKSYV/ZChMAQVIgx1SqfZ2zBZtPA2YlXIWxxJOQ==
    dependencies:
      debug "^3.2.6"
  
  has-flag@^3.0.0:
    version "3.0.0"
    resolved "https://registry.yarnpkg.com/has-flag/-/has-flag-3.0.0.tgz#b5d454dc2199ae225699f3467e5a07f3b955bafd"
    integrity sha1-tdRU3CGZriJWmfNGfloH87lVuv0=
  
  is-buffer@^1.1.5:
    version "1.1.6"
    resolved "https://registry.yarnpkg.com/is-buffer/-/is-buffer-1.1.6.tgz#efaa2ea9daa0d7ab2ea13a97b2b8ad51fefbe8be"
    integrity sha512-NcdALwpXkTm5Zvvbk7owOUSvVvBKDgKP5/ewfXEznmQFfs4ZRmanOeKBTjRVjka3QFoN6XJ+9F3USqfHqTaU5w==
  
  is-promise@^2.1:
    version "2.1.0"
    resolved "https://registry.yarnpkg.com/is-promise/-/is-promise-2.1.0.tgz#79a2a9ece7f096e80f36d2b2f3bc16c1ff4bf3fa"
    integrity sha1-eaKp7OfwlugPNtKy87wWwf9L8/o=
  
  iterare@1.1.2:
    version "1.1.2"
    resolved "https://registry.yarnpkg.com/iterare/-/iterare-1.1.2.tgz#32e65fe03c72f727b1ae5fd002ed6a215f523ae8"
    integrity sha512-25rVYmj/dDvTR6zOa9jY1Ihd6USLa0J508Ub2iy7Aga+xu9JMbjDds2Uh03ReDGbva/YN3s3Ybi+Do0nOX6wAg==
  
  lru-queue@0.1:
    version "0.1.0"
    resolved "https://registry.yarnpkg.com/lru-queue/-/lru-queue-0.1.0.tgz#2738bd9f0d3cf4f84490c5736c48699ac632cda3"
    integrity sha1-Jzi9nw089PhEkMVzbEhpmsYyzaM=
    dependencies:
      es5-ext "~0.10.2"
  
  memoizee@^0.4.14:
    version "0.4.14"
    resolved "https://registry.yarnpkg.com/memoizee/-/memoizee-0.4.14.tgz#07a00f204699f9a95c2d9e77218271c7cd610d57"
    integrity sha512-/SWFvWegAIYAO4NQMpcX+gcra0yEZu4OntmUdrBaWrJncxOqAziGFlHxc7yjKVK2uu3lpPW27P27wkR82wA8mg==
    dependencies:
      d "1"
      es5-ext "^0.10.45"
      es6-weak-map "^2.0.2"
      event-emitter "^0.3.5"
      is-promise "^2.1"
      lru-queue "0.1"
      next-tick "1"
      timers-ext "^0.1.5"
  
  ms@^2.1.1:
    version "2.1.1"
    resolved "https://registry.yarnpkg.com/ms/-/ms-2.1.1.tgz#30a5864eb3ebb0a66f2ebe6d727af06a09d86e0a"
    integrity sha512-tgp+dl5cGk28utYktBsrFqA7HKgrhgPsg6Z/EfhWI4gl1Hwq8B/GmY/0oXZ6nF8hDVesS/FpnYaD/kOWhYQvyg==
  
  next-tick@1, next-tick@^1.0.0:
    version "1.0.0"
    resolved "https://registry.yarnpkg.com/next-tick/-/next-tick-1.0.0.tgz#ca86d1fe8828169b0120208e3dc8424b9db8342c"
    integrity sha1-yobR/ogoFpsBICCOPchCS524NCw=
  
  node-fetch@^2.3.0:
    version "2.3.0"
    resolved "https://registry.yarnpkg.com/node-fetch/-/node-fetch-2.3.0.tgz#1a1d940bbfb916a1d3e0219f037e89e71f8c5fa5"
    integrity sha512-MOd8pV3fxENbryESLgVIeaGKrdl+uaYhCSSVkjeOb/31/njTpcis5aWfdqgNlHIrKOLRbMnfPINPOML2CIFeXA==
  
  object-hash@1.3.1:
    version "1.3.1"
    resolved "https://registry.yarnpkg.com/object-hash/-/object-hash-1.3.1.tgz#fde452098a951cb145f039bb7d455449ddc126df"
    integrity sha512-OSuu/pU4ENM9kmREg0BdNrUDIl1heYa4mBZacJc+vVWz4GtAwu7jO8s4AIt2aGRUTqxykpWzI3Oqnsm13tTMDA==
  
  optional@0.1.4:
    version "0.1.4"
    resolved "https://registry.yarnpkg.com/optional/-/optional-0.1.4.tgz#cdb1a9bedc737d2025f690ceeb50e049444fd5b3"
    integrity sha512-gtvrrCfkE08wKcgXaVwQVgwEQ8vel2dc5DDBn9RLQZ3YtmtkBss6A2HY6BnJH4N/4Ku97Ri/SF8sNWE2225WJw==
  
  reflect-metadata@^0.1.13:
    version "0.1.13"
    resolved "https://registry.yarnpkg.com/reflect-metadata/-/reflect-metadata-0.1.13.tgz#67ae3ca57c972a2aa1642b10fe363fe32d49dc08"
    integrity sha512-Ts1Y/anZELhSsjMcU605fU9RE4Oi3p5ORujwbIKXfWa+0Zxs510Qrmrce5/Jowq3cHSZSJqBjypxmHarc+vEWg==
  
  rxjs@^6.4.0:
    version "6.4.0"
    resolved "https://registry.yarnpkg.com/rxjs/-/rxjs-6.4.0.tgz#f3bb0fe7bda7fb69deac0c16f17b50b0b8790504"
    integrity sha512-Z9Yfa11F6B9Sg/BK9MnqnQ+aQYicPLtilXBp2yUtDt2JRCE0h26d33EnfO3ZxoNxG0T92OUucP3Ct7cpfkdFfw==
    dependencies:
      tslib "^1.9.0"
  
  supports-color@^5.3.0:
    version "5.5.0"
    resolved "https://registry.yarnpkg.com/supports-color/-/supports-color-5.5.0.tgz#e2e69a44ac8772f78a1ec0b35b689df6530efc8f"
    integrity sha512-QjVjwdXIt408MIiAqCX4oUKsgU2EqAGzs2Ppkm4aQYbjm+ZEWEcW4SfFNTr4uMNZma0ey4f5lgLrkB0aX0QMow==
    dependencies:
      has-flag "^3.0.0"
  
  timers-ext@^0.1.5:
    version "0.1.7"
    resolved "https://registry.yarnpkg.com/timers-ext/-/timers-ext-0.1.7.tgz#6f57ad8578e07a3fb9f91d9387d65647555e25c6"
    integrity sha512-b85NUNzTSdodShTIbky6ZF02e8STtVVfD+fu4aXXShEELpozH+bCpJLYMPZbsABN2wDH7fJpqIoXxJpzbf0NqQ==
    dependencies:
      es5-ext "~0.10.46"
      next-tick "1"
  
  tslib@^1.9.0:
    version "1.9.3"
    resolved "https://registry.yarnpkg.com/tslib/-/tslib-1.9.3.tgz#d7e4dd79245d85428c4d7e4822a79917954ca286"
    integrity sha512-4krF8scpejhaOgqzBEcGM7yDIEfi0/8+8zDRZhNZZ2kjmHJ4hv3zCbQWxoJGz1iw5U0Jl0nma13xzHXcncMavQ==
  
  uuid@3.3.2:
    version "3.3.2"
    resolved "https://registry.yarnpkg.com/uuid/-/uuid-3.3.2.tgz#1b4af4955eb3077c501c23872fc6513811587131"
    integrity sha512-yXJmeNaw3DnnKAOKJE51sL/ZaYfWJRl1pK9dr19YFCu0ObS231AB1/LbqTKRAQ5kw8A90rA6fr4riOUpTZvQZA==
